<?xml version="1.0" encoding="UTF-8"?>
<!-- Generated by org.testng.reporters.JUnitReportReporter -->
<testsuite ignored="3" hostname="Tecwins-Laptop.local" failures="0" tests="1" name="com.automation.SeleniumFramework.Test.StandaloneTest" time="8.487" errors="0" timestamp="18 Sep 2024 20:14:47 GMT" skipped="0">
  <testcase classname="com.automation.SeleniumFramework.Test.StandaloneTest" name="submitOrder" time="8.487"/>
  <testcase classname="com.automation.SeleniumFramework.Test.NegativeScenarios" name="loginFail">
    <skipped/>
  </testcase> <!-- loginFail -->
  <testcase classname="com.automation.SeleniumFramework.Test.NegativeScenarios" name="validateProductNameIncart">
    <skipped/>
  </testcase> <!-- validateProductNameIncart -->
  <testcase classname="com.automation.SeleniumFramework.Test.StandaloneTest" name="orderHistory">
    <skipped/>
  </testcase> <!-- orderHistory -->
</testsuite> <!-- com.automation.SeleniumFramework.Test.StandaloneTest -->
