<?xml version="1.0" encoding="UTF-8"?>
<!-- Generated by org.testng.reporters.JUnitReportReporter -->
<testsuite ignored="3" hostname="Tecwins-Laptop.local" failures="0" tests="1" name="com.automation.SeleniumFramework.Test.NegativeScenarios" time="9.741" errors="0" timestamp="18 Sep 2024 18:52:23 GMT" skipped="0">
  <testcase classname="com.automation.SeleniumFramework.Test.NegativeScenarios" name="loginFail" time="9.741"/>
  <testcase classname="com.automation.SeleniumFramework.Test.StandaloneTest" name="submitOrder">
    <skipped/>
  </testcase> <!-- submitOrder -->
  <testcase classname="com.automation.SeleniumFramework.Test.StandaloneTest" name="orderHistory">
    <skipped/>
  </testcase> <!-- orderHistory -->
  <testcase classname="com.automation.SeleniumFramework.Test.NegativeScenarios" name="validateProductNameIncart">
    <skipped/>
  </testcase> <!-- validateProductNameIncart -->
</testsuite> <!-- com.automation.SeleniumFramework.Test.NegativeScenarios -->
