<?xml version="1.0" encoding="UTF-8"?>
<!-- Generated by org.testng.reporters.JUnitReportReporter -->
<testsuite ignored="0" hostname="Tecwins-Laptop.local" failures="0" tests="2" name="com.automation.SeleniumFramework.Test.StandaloneTest" time="27.723" errors="0" timestamp="16 Sep 2024 20:45:28 GMT" skipped="0">
  <testcase classname="com.automation.SeleniumFramework.Test.StandaloneTest" name="loginFail" time="4.907"/>
  <testcase classname="com.automation.SeleniumFramework.Test.StandaloneTest" name="submitOrder" time="22.816"/>
</testsuite> <!-- com.automation.SeleniumFramework.Test.StandaloneTest -->
