<?xml version="1.0" encoding="UTF-8"?>
<!-- Generated by org.testng.reporters.JUnitReportReporter -->
<testsuite ignored="0" hostname="Tecwins-Laptop.local" failures="0" tests="2" name="com.automation.SeleniumFramework.Test.StandaloneTest" time="18.884" errors="0" timestamp="19 Sep 2024 18:23:26 GMT" skipped="0">
  <testcase classname="com.automation.SeleniumFramework.Test.StandaloneTest" name="submitOrder" time="11.434"/>
  <testcase classname="com.automation.SeleniumFramework.Test.StandaloneTest" name="orderHistory" time="7.450"/>
</testsuite> <!-- com.automation.SeleniumFramework.Test.StandaloneTest -->
