<?xml version="1.0" encoding="UTF-8"?>
<!-- Generated by org.testng.reporters.JUnitReportReporter -->
<testsuite ignored="0" hostname="Tecwins-Laptop.local" failures="0" tests="2" name="com.automation.SeleniumFramework.Test.NegativeScenarios" time="13.681" errors="0" timestamp="16 Sep 2024 20:45:28 GMT" skipped="0">
  <testcase classname="com.automation.SeleniumFramework.Test.NegativeScenarios" name="loginFail" time="5.436"/>
  <testcase classname="com.automation.SeleniumFramework.Test.NegativeScenarios" name="submitOrder" time="8.245"/>
</testsuite> <!-- com.automation.SeleniumFramework.Test.NegativeScenarios -->
