<?xml version="1.0" encoding="UTF-8"?>
<!-- Generated by org.testng.reporters.JUnitReportReporter -->
<testsuite ignored="0" hostname="Tecwins-Laptop.local" failures="0" tests="2" name="com.automation.SeleniumFramework.Test.StandaloneTest" time="42.695" errors="0" timestamp="30 Dec 2024 00:24:21 GMT" skipped="0">
  <testcase classname="com.automation.SeleniumFramework.Test.StandaloneTest" name="submitOrder" time="37.386"/>
  <testcase classname="com.automation.SeleniumFramework.Test.StandaloneTest" name="orderHistory" time="5.309"/>
</testsuite> <!-- com.automation.SeleniumFramework.Test.StandaloneTest -->
